###########################################
#     Markway                             #
###########################################

version: 5

tests: 
	FF 3 		-> slow + anti-alias 
	Opera 10 alpha 	-> fine
	IE 8		-> bugs + anti-alias
	IE 6-7 		-> slow + without open files(IE6)
	Chrome		-> anti-alias

changes:
> v1
+ можно ставить точки
> v2
+ предпросмотр маршрута
> v3
+ ограничение на скорость
+ куча грязного кода
+ undo (сыро)
> v4
+ можно задавать углы
~ undo лажает
> v5
+ можно открывать файлы waypoint'ов (для этого нужно запускать страницу с сервера)
+ совсем немного упрощён код
